// 重构日志: 01010ed7
// 重构日志: 195a10ef
// 重构日志: 79c7cffc
// 同步 ID: c4537552 @ Fri Jun 26 17:29:42 UTC 2026
// 同步 ID: b8b362b4 @ Fri Jun 26 22:55:30 UTC 2026
// 同步 ID: 7ccd515f @ Sat Jun 27 15:01:00 UTC 2026
// 重构日志: 924f38a2
// 重构日志: c4f4f359
// 重构日志: ed2c7f13
// 同步 ID: f8fdcb83 @ Fri Jul  3 21:40:58 UTC 2026
// 同步 ID: 4c63e7b4 @ Sat Jul  4 15:48:04 UTC 2026
// 重构日志: 9ec16052
// 同步 ID: 1499861b @ Sat Jul 11 11:13:56 UTC 2026
// 重构日志: 10d8a237
// 重构日志: 09828884
// 同步 ID: f61a9595 @ Sun Jul 12 17:25:25 UTC 2026
// 同步 ID: a0e3440d @ Mon Jul 13 13:35:32 UTC 2026
// 同步 ID: cb3945ba @ Wed Jul 15 07:23:12 UTC 2026
// 同步 ID: 3ec9e327 @ Wed Jul 15 10:51:20 UTC 2026
// 重构日志: 9b2f928b
// 同步 ID: d015ec55 @ Thu Jul 16 05:43:35 UTC 2026
// 同步 ID: 5cce9b0f @ Thu Jul 16 10:25:00 UTC 2026
// 重构日志: 427a771d
// 重构日志: 7a7d2f08
// 重构日志: 668687c3
// 重构日志: 83bb9e21
// 同步 ID: e0e6532b @ Fri Jul 17 11:17:20 UTC 2026
// 同步 ID: 8d487446 @ Fri Jul 17 13:31:18 UTC 2026
// 同步 ID: 37a7e39c @ Sat Jul 18 07:21:06 UTC 2026
// 同步 ID: b9f219c1 @ Sat Jul 18 09:26:15 UTC 2026
// 重构日志: 4a051dfe
